<?xml version="1.0" encoding="UTF-8"?>
<!-- Generated by org.testng.reporters.JUnitReportReporter -->
<testsuite hostname="Pro-VigneshRavi" failures="0" tests="3" name="allure.test" time="1.150" errors="0" timestamp="2022-07-25T11:15:57 IST" skipped="1">
  <testcase classname="allure.test" name="invalidloginpage11" time="1.109"/>
  <system-out/>
  <testcase classname="allure.test" name="rostering" time="0.018">
    <skipped/>
  </testcase> <!-- rostering -->
  <system-out/>
  <testcase classname="allure.test" name="invalidloginpage" time="0.023"/>
  <system-out/>
</testsuite> <!-- allure.test -->
